
> seelam-group-website@2.0.0 lint
> eslint "src/**/*.{js,mjs}"


C:\Users\Naveen\OneDrive\Documents\full seelams website\src\components\ContactForm.js
   13:38  error    Unnecessary escape character: \+         no-useless-escape
   13:40  error    Unnecessary escape character: \(         no-useless-escape
   13:42  error    Unnecessary escape character: \)         no-useless-escape
  169:36  warning  'formElement' is defined but never used  no-unused-vars
  478:13  error    'gtag' is not defined                    no-undef
  495:13  error    'gtag' is not defined                    no-undef
  665:23  warning  'response' is defined but never used     no-unused-vars
  698:22  warning  'formId' is defined but never used       no-unused-vars
  698:30  warning  'data' is defined but never used         no-unused-vars

C:\Users\Naveen\OneDrive\Documents\full seelams website\src\components\CookieConsent.js
  308:13  error  'gtag' is not defined  no-undef
  320:13  error  'gtag' is not defined  no-undef
  329:13  error  'fbq' is not defined   no-undef
  339:13  error  'fbq' is not defined   no-undef
  384:13  error  'gtag' is not defined  no-undef

C:\Users\Naveen\OneDrive\Documents\full seelams website\src\components\LanguageSwitcher.js
  292:13  error  'gtag' is not defined  no-undef

C:\Users\Naveen\OneDrive\Documents\full seelams website\src\scripts\animations.js
  363:23  warning  'sliderElement' is defined but never used            no-unused-vars
  421:15  warning  'viewportHeight' is assigned a value but never used  no-unused-vars

C:\Users\Naveen\OneDrive\Documents\full seelams website\src\scripts\main.js
  140:13  error  'gtag' is not defined  no-undef
  154:13  error  'gtag' is not defined  no-undef
  231:13  error  'gtag' is not defined  no-undef

C:\Users\Naveen\OneDrive\Documents\full seelams website\src\scripts\performance.js
   95:27  warning  'entries' is assigned a value but never used  no-unused-vars
  252:13  error    'gtag' is not defined                         no-undef

C:\Users\Naveen\OneDrive\Documents\full seelams website\src\utils\api-client.js
  484:18  warning  'requestId' is defined but never used  no-unused-vars

✖ 23 problems (15 errors, 8 warnings)

